


ARM Macro Assembler    Page 1 


    1 00000000                 AREA             rainbow, DATA
    2 00000000                 EXPORT           color_cycle
    3 00000000         color_cycle
    4 00000000 E0 E4 E8 
              EC F0 F4 
              F8 FC DC 
              BC 9C 7C 
              5C 3C 1C 
              1D 1E 1F 
              1B 17 13 
              0F 0B 07 
              03 23 43 
              63 83 A3 
              C3 E3 E3 
              E2 E2 E1 
              E1               INCBIN           rainbow.bin
    5 00000025                 END
Command Line: --debug --xref --diag_suppress=9931 --cpu=Cortex-M3 --apcs=interw
ork --depend=.\objects\rainbow.d -o.\objects\rainbow.o -I.\RTE\Device\STM32F103
CB -I.\RTE\_Target_1 -IH:\Schron\Keil_v5\ARM\PACK\ARM\CMSIS\5.4.0\CMSIS\Core\In
clude -IH:\Schron\Keil_v5\ARM\PACK\Keil\STM32F1xx_DFP\2.3.0\Device\Include -IH:
\Schron\Keil_v5\ARM\PACK\Keil\STM32F1xx_DFP\2.3.0\Device\StdPeriph_Driver\inc -
IH:\Schron\Keil_v5\ARM\PACK\Keil\STM32F1xx_DFP\2.3.0\RTE_Driver --predefine="__
EVAL SETA 1" --predefine="__UVISION_VERSION SETA 524" --predefine="_RTE_ SETA 1
" --predefine="STM32F10X_MD SETA 1" --list=.\listings\rainbow.lst Rainbow.s



ARM Macro Assembler    Page 1 Alphabetic symbol ordering
Relocatable symbols

color_cycle 00000000

Symbol: color_cycle
   Definitions
      At line 3 in file Rainbow.s
   Uses
      At line 2 in file Rainbow.s
Comment: color_cycle used once
rainbow 00000000

Symbol: rainbow
   Definitions
      At line 1 in file Rainbow.s
   Uses
      None
Comment: rainbow unused
2 symbols
336 symbols in table
