


ARM Macro Assembler    Page 1 


    1 00000000                 AREA             test, CODE
    2 00000000         VGA     PROC
    3 00000000                 EXPORT           VGA
    4 00000000         
    5 00000000                 EXTERN           scan_data
    6 00000000                 EXTERN           draw_scan   ;Scanline data
    7 00000000                 EXTERN           palette
    8 00000000         
    9 00000000 00000400 
                       col     EQU              0x400
   10 00000000         
   11 00000000         ;Push all the registers
   12 00000000 E92D 03FE       PUSH             {r1-r9}
   13 00000004         
   14 00000004        2 
                       _chars  RN               r2          ;r2 - character add
                                                            ress
   15 00000004        3 
                       _palette
                               RN               r3          ;r3 - palette addre
                                                            ss
   16 00000004 4A12            LDR              _chars, =Chars
   17 00000006 4B13            LDR              _palette, =palette
   18 00000008         
   19 00000008        4 
                       _char_cols
                               RN               r4          ;r4 - character col
                                                            ors
   20 00000008         ;_char_cols as temp register
   21 00000008 F000 0407       AND              _char_cols, r0, #7 ;first 3 bit
                                                            s - vertical charac
                                                            ter offset
   22 0000000C 4422            ADD              _chars, _char_cols
   23 0000000E F020 0007       AND              r0, #0xfffffff8
   24 00000012         ;Screen pointer in r0
   25 00000012         ;Scanline pointer in r1
   26 00000012         
   27 00000012         
   28 00000012         RepeatChar
   29 00000012        5 
                       _char_pix
                               RN               r5          ;r5 - character pix
                                                            els
   30 00000012        6 
                       _pix_mask
                               RN               r6          ;r6 - pixel mask
   31 00000012         ;_char_pix as temp register
   32 00000012 F890 4400       LDRB             _char_cols, [r0, #col] ;Get cha
                                                            racter color from s
                                                            creen
   33 00000016 F810 5B01       LDRB             _char_pix, [r0], #0x01 ;Get cha
                                                            racter offset from 
                                                            screen, next
   34 0000001A         
   35 0000001A F812 5035       LDRB             _char_pix, [_chars, _char_pix, 
LSL #3] 
                                                            ;Load pixels
   36 0000001E F04F 0680       MOV              _pix_mask, #0x80 ;Pixel mask
   37 00000022         



ARM Macro Assembler    Page 2 


   38 00000022        7 
                       _col_off2
                               RN               r7          ;r7 - 2nd color off
                                                            set
   39 00000022        8 
                       _curr_col
                               RN               r8          ;r8 - current pixel
                                                             color
   40 00000022 EA4F 1714       LSR              _col_off2, _char_cols, #4
   41 00000026 F007 070F       AND              _col_off2, #0x0F
   42 0000002A F004 040F       AND              _char_cols, #0x0F
   43 0000002E 5D1C            LDRB             _char_cols, [_palette, _char_co
ls]
   44 00000030 5DDF            LDRB             _col_off2, [_palette, _col_off2
]
   45 00000032         RepeatPixel
   46 00000032         ;_char_cols - 1st color, _col_off2 - 2nd color
   47 00000032 46A0            MOV              _curr_col, _char_cols
   48 00000034 4235            TST              _char_pix, _pix_mask 
                                                            ;Get pixel value
   49 00000036 BF08 46B8       MOVEQ            _curr_col, _col_off2
   50 0000003A F801 8B01       STRB             _curr_col, [r1], #1 ;Store to d
                                                            raw, next
   51 0000003E         
   52 0000003E 0876            LSRS             _pix_mask, #1
   53 00000040 D1F7            BNE              RepeatPixel ;If not all 8 pixel
                                                            s, next
   54 00000042         
   55 00000042 F011 0FFF       TST              r1, #0xFF
   56 00000046 D1E4            BNE              RepeatChar  ;If not all charact
                                                            ers, next
   57 00000048         
   58 00000048         ;Put the registers back
   59 00000048 E8BD 03FE       POP              {r1-r9}
   60 0000004C 4770            BX               lr
   61 0000004E                 ENDP
   62 0000004E         
   63 0000004E 00 00 00000000 
              00000000         LTORG
   64 00000058         Chars                                ;Characters used
   65 00000058 00 00 00 
              00 00 00 
              00 00 00 
              00 00 00 
              00 00 00 
              00 00 00 
              00 00 00 
              00 00 00 
              00 00 00 
              00 00 00 
              00 00 00 
              00 00 00 
              00 00 00 
              00 00 00 
              00 00 00 
              00 00 00 
              00 00 00 
              00 00 00 
              00 00 00 



ARM Macro Assembler    Page 3 


              00 00 00 
              00 00 00 
              00 00 00 
              00 00 00 
              00 00 00 
              00 00 00 
              00 00 00 
              00 00 00 
              00 00 00 
              00 00 00 
              00 00 00 
              00 00 00 
              00 00 00 
              00 00 00 
              00 00 00 
              00 00 00 
              00 00 00 
              00 00 00 
              00 00 00 
              00 00 00 
              00 00 00 
              00 00 00 
              00 00 00 
              00 00 00 
              00 00 00 
              00 00 00 
              00 00 00 
              00 00 00 
              00 00 00 
              00 00 00 
              00 00 00 
              00 00 00 
              00 00 00 
              00 00 00 
              00 00 00 
              00 00 00 
              00 00 00 
              00 00 00 
              00 00 00 
              00 00 00 
              00 00 00 
              00 00 00 
              00 00 00 
              00 00 00 
              00 00 00 
              00 00 00 
              00 00 00 
              00 00 00 
              00 00 00 
              00 00 00 
              00 00 00 
              00 00 00 
              00 00 00 
              00 00 00 
              00 00 00 
              00 00 00 
              00 00 00 
              00 00 00 
              00 00 00 



ARM Macro Assembler    Page 4 


              00 00 00 
              00 00 00 
              00 00 00 
              00 00 00 
              00 00 00 
              00 00 00 
              00 00 00 
              00 00 00 
              00 00 00 
              00 00 00 
              40 40 40 
              40 00 40 
              40 00 50 
              50 00 00 
              00 00 00 
              00 50 50 
              F8 50 F8 
              50 50 00 
              20 78 A0 
              70 28 F0 
              20 00 C8 
              C8 10 20 
              40 98 98 
              00 60 90 
              A0 68 98 
              88 74 00 
              40 40 00 
              00 00 00 
              00 00 40 
              80 80 80 
              80 80 40 
              00 80 40 
              40 40 40 
              40 80 00 
              54 38 38 
              54 00 00 
              00 00 00 
              20 20 F8 
              20 20 00 
              00 00 00 
              00 00 20 
              20 40 00 
              00 00 00 
              70 00 00 
              00 00 00 
              00 00 00 
              00 60 60 
              00 10 30 
              20 60 40 
              C0 80 00 
              70 88 C8 
              A8 98 88 
              70 00 10 
              30 50 10 
              10 10 10 
              00 70 88 
              08 10 20 
              40 F8 00 
              70 88 08 



ARM Macro Assembler    Page 5 


              30 08 88 
              70 00 90 
              90 90 F8 
              10 10 10 
              00 F8 80 
              80 70 08 
              88 70 00 
              70 88 80 
              F0 88 88 
              70 00 F8 
              08 08 10 
              20 20 20 
              00 70 88 
              88 70 88 
              88 70 00 
              70 88 88 
              78 08 88 
              70 00 00 
              40 40 00 
              40 40 00 
              00 00 20 
              20 00 20 
              20 40 00 
              00 08 30 
              C0 30 08 
              00 00 00 
              00 F8 00 
              F8 00 00 
              00 00 80 
              60 18 60 
              80 00 00 
              70 88 08 
              10 20 00 
              20 00 30 
              48 A4 B4 
              74 04 38 
              00 70 88 
              88 F8 88 
              88 88 00 
              F0 88 88 
              F0 88 88 
              F0 00 70 
              88 80 80 
              80 88 70 
              00 F0 88 
              88 88 88 
              88 F0 00 
              F8 80 80 
              F8 80 80 
              F8 00 F8 
              80 80 F8 
              80 80 80 
              00 70 88 
              80 B8 88 
              88 70 00 
              88 88 88 
              F8 88 88 
              88 00 F8 
              20 20 20 



ARM Macro Assembler    Page 6 


              20 20 F8 
              00 F8 08 
              08 08 08 
              88 70 00 
              88 90 A0 
              C0 A0 90 
              88 00 80 
              80 80 80 
              80 80 F8 
              00 88 D8 
              A8 88 88 
              88 88 00 
              88 88 C8 
              A8 98 88 
              88 00 70 
              88 88 88 
              88 88 70 
              00 F0 88 
              88 F0 80 
              80 80 00 
              70 88 88 
              88 88 90 
              68 00 F0 
              88 88 F0 
              88 88 88 
              00 70 88 
              80 70 08 
              88 70 00 
              F8 20 20 
              20 20 20 
              20 00 88 
              88 88 88 
              88 88 70 
              00 88 88 
              88 88 88 
              50 20 00 
              88 88 88 
              88 A8 D8 
              88 00 88 
              88 50 20 
              50 88 88 
              00 88 88 
              50 20 20 
              20 20 00 
              F8 08 10 
              20 40 80 
              F8 00 00 
              00 00 00 
              00 00 00 
              00 00 00 
              00 00 00 
              00 00 00 
              00 00 00 
              00 00 00 
              00 00 00 
              00 00 00 
              00 00 00 
              00 00 00 
              00 00 00 



ARM Macro Assembler    Page 7 


              00 00 00 
              00 00 00 
              00 00 00 
              00 00 00 
              00 70 08 
              78 88 78 
              00 80 80 
              F0 88 88 
              88 F0 00 
              00 00 70 
              88 80 88 
              70 00 08 
              08 78 88 
              88 88 78 
              00 00 00 
              70 88 F8 
              80 70 00 
              20 50 40 
              E0 40 40 
              40 00 00 
              70 88 88 
              78 08 70 
              00 80 80 
              F0 88 88 
              88 88 00 
              00 40 00 
              40 40 40 
              30 00 00 
              08 00 08 
              08 88 70 
              00 80 80 
              90 A0 C0 
              A0 90 00 
              80 80 80 
              80 88 88 
              70 00 00 
              00 D0 A8 
              A8 A8 A8 
              00 00 00 
              B0 C8 88 
              88 88 00 
              00 00 70 
              88 88 88 
              70 00 00 
              00 F0 88 
              F0 80 80 
              00 00 00 
              78 88 78 
              08 08 00 
              00 00 70 
              80 80 80 
              80 00 00 
              00 78 80 
              70 08 F0 
              00 80 80 
              E0 80 80 
              80 70 00 
              00 00 88 
              88 88 88 



ARM Macro Assembler    Page 8 


              78 00 00 
              00 88 88 
              88 48 38 
              00 00 00 
              88 88 88 
              A8 50 00 
              00 00 88 
              50 20 50 
              88 00 00 
              00 88 88 
              78 08 70 
              00 00 00 
              F8 10 20 
              40 F8 00 
              00 00 00 
              00 00 00 
              00 00 00 
              00 00 00 
              00 00 00 
              00 00 00 
              00 00 00 
              00 00 00 
              00 00 00 
              00 00 00 
              00 00 00 
              00 00 00 
              00 00 00 
              00 00 00 
              00 00 00 
              00 00 00 
              00 00 00 
              00 00 00 
              00 00 00 
              00 00 00 
              00 00 00 
              00 00 00 
              00 00 00 
              00 00 00 
              00 00 00 
              00 00 00 
              00 00 00 
              00 00 00 
              00 00 00 
              00 00 00 
              00 00 00 
              00 00 00 
              00 00 00 
              00 00 00 
              00 00 00 
              00 00 00 
              00 00 00 
              00 00 00 
              00 00 00 
              00 00 00 
              00 00 00 
              00 00 00 
              00 00 00 
              00 00 00 
              00 00 00 



ARM Macro Assembler    Page 9 


              00 00 00 
              00 00 00 
              00 00 00 
              00 00 00 
              00 00 00 
              00 00 00 
              00 00 00 
              00 00 00 
              00 00 00 
              00 00 00 
              00 00 00 
              00 00 00 
              00 00 00 
              00 00 00 
              00 00 00 
              00 00 00 
              00 00 00 
              00 00 00 
              00 00 00 
              00 00 00 
              00 00 00 
              00 00 00 
              00 00 00 
              00 00 00 
              00 00 00 
              00 00 00 
              00 00 00 
              00 00 00 
              00 00 00 
              00 00 00 
              00 00 00 
              00 00 00 
              00 00 00 
              00 00 00 
              00 00 00 
              00 00 00 
              00 00 00 
              00 00 00 
              00 00 00 
              00 00 00 
              00 00 00 
              00 00 00 
              00 00 00 
              00 00 00 
              00 00 00 
              00 00 00 
              00 00 00 
              00 00 00 
              00 00 00 
              00 00 00 
              00 00 00 
              00 00 00 
              00 00 00 
              00 00 00 
              00 00 00 
              00 00 00 
              00 00 00 
              00 00 00 
              00 00 00 



ARM Macro Assembler    Page 10 


              00 00 00 
              00 00 00 
              00 00 00 
              00 00 00 
              00 00 00 
              00 00 00 
              00 00 00 
              00 00 00 
              00 00 00 
              00 00 00 
              00 00 00 
              00 00 00 
              00 00 00 
              00 00 00 
              00 00 00 
              00 00 00 
              00 00 00 
              00 00 00 
              00 00 00 
              00 00 00 
              00 00 00 
              00 00 00 
              00 00 00 
              00 00 00 
              00 00 00 
              00 00 00 
              00 00 00 
              00 00 00 
              00 00 00 
              00 00 00 
              00 00 00 
              00 00 00 
              00 00 00 
              00 00 00 
              00 00 00 
              00 00 00 
              00 00 00 
              00 00 00 
              00 00 00 
              00 00 00 
              00 00 00 
              00 00 00 
              00 00 00 
              00 00 00 
              00 00 00 
              00 00 00 
              00 00 00 
              00 00 00 
              00 00 00 
              00 00 00 
              00 00 00 
              00 00 00 
              00 00 00 
              00 00 00 
              00 00 00 
              00 00 00 
              00 00 00 
              00 00 00 
              00 00 00 



ARM Macro Assembler    Page 11 


              00 00 00 
              00 00 00 
              00 00 00 
              00 00 00 
              00 00 00 
              00 00 00 
              00 00 00 
              00 00 00 
              00 00 00 
              00 00 00 
              00 00 00 
              00 00 00 
              00 00 00 
              00 00 00 
              00 00 00 
              00 00 00 
              00 00 00 
              00 00 00 
              00 00 00 
              00 00 00 
              00 00 00 
              00 00 00 
              00 00 00 
              00 00 00 
              00 00 00 
              00 00 00 
              00 00 00 
              00 00 00 
              00 00 00 
              00 00 00 
              00 00 00 
              00 00 00 
              00 00 00 
              00 00 00 
              00 00 00 
              00 00 00 
              00 00 00 
              00 00 00 
              00 00 00 
              00 00 00 
              00 00 00 
              00 00 00 
              00 00 00 
              00 00 00 
              00 00 00 
              00 00 00 
              00 00 00 
              00 00 00 
              00 00 00 
              00 00 00 
              00 00 00 
              00 00 00 
              00 00 00 
              00 00 00 
              00 00 00 
              00 00 00 
              00 00 00 
              00 00 00 
              00 00 00 



ARM Macro Assembler    Page 12 


              00 00 00 
              00 00 00 
              00 00 00 
              00 00 00 
              00 00 00 
              00 00 00 
              00 00 00 
              00 00 00 
              00 00 00 
              00 00 00 
              00 00 00 
              00 00 00 
              00 00 00 
              00 00 00 
              00 00 00 
              00 00 00 
              00 00 00 
              00 00 00 
              00 00 00 
              00 00 00 
              00 00 00 
              00 00 00 
              00 00 00 
              00 00 00 
              00 00 00 
              00 00 00 
              00 00 00 
              00 00 00 
              00 00 00 
              00 00 00 
              00 00 00 
              00 00 00 
              00 00 00 
              00 00 00 
              00 00 00 
              00 00 00 
              00 00 00 
              00 00 00 
              00 00 00 
              00 00 00 
              00 00 00 
              00 00 00 
              00 00 00 
              00 00 00 
              00 00 00 
              00 00 00 
              00 00 00 
              00 00 00 
              00 00 00 
              00 00 00 
              00 00 00 
              00 00 00 
              00 00 00 
              00 00 00 
              00 00 00 
              00 00 00 
              00 00 00 
              00 00 00 
              00 00 00 



ARM Macro Assembler    Page 13 


              00 00 00 
              00 00 00 
              00 00 00 
              00 00 00 
              00 00 00 
              00 00 00 
              00 00 00 
              00 00 00 
              00 00 00 
              00 00 00 
              00 00 00 
              00 00 00 
              00 00 00 
              00 00 00 
              00 00 00 
              00 00 00 
              00 00 00 
              00 00 00 
              00 00 00 
              00 00 00 
              00 00 00 
              00 00 00 
              00 00 00 
              00 00 00 
              00 00 00 
              00 00 00 
              00 00 00 
              00 00 00 
              00 00 00 
              00 00 00 
              00 00 00 
              00 00 00 
              00 00 00 
              00 00 00 
              00 00 00 
              00 00 00 
              00 00 00 
              00 00 00 
              00 00 00 
              00 00 00 
              00 00 00 
              00 00 00 
              00 00 00 
              00 00 00 
              00 00 00 
              00 00 00 
              00 00 00 
              00 00 00 
              00 00 00 
              00 00 00 
              00 00 00 
              00 00 00 
              00 00 00 
              00 00 00 
              00 00 00 
              00 00 00 
              00 00 00 
              00 00 00 
              00 00 00 



ARM Macro Assembler    Page 14 


              00 00 00 
              00 00 00 
              00 00 00 
              00 00 00 
              88 22 88 
              22 88 22 
              88 22 AA 
              55 AA 55 
              AA 55 AA 
              55 77 DD 
              77 DD 77 
              DD 77 DD 
              FF FF FF 
              FF FF FF 
              FF FF 00 
              00 00 00 
              00 00 00 
              00 00 00 
              00 00 00 
              00 00 00 
              00 00 00 
              00 00 00 
              00 00 00 
              00 00 00 
              00 00 00 
              00 00 00 
              00 00 00 
              00 00 00 
              00 00 00 
              00 00 00 
              00 00 00 
              00 00 00 
              00 00 00 
              00 00 00 
              00 00 00 
              00 00 00 
              00 00 00 
              00 00 00 
              00 00 00 
              00 00 00 
              00 00 00 
              00 00 00 
              00 00 00 
              00 00 00 
              00 00 00 
              00 00 00 
              00 00 00 
              00 00 00 
              00 00 00 
              00 00 00 
              00 00 00 
              00 00 00 
              00 00 00 
              00 00 00 
              00 00 00 
              00 00 00 
              00 00 00 
              00 00 00 
              00 00 00 



ARM Macro Assembler    Page 15 


              00 00 00 
              00 00 00 
              00 00 00 
              00 00 00 
              00 00 00 
              00 00 00 
              00 00 00 
              00 00 00 
              00 00 00 
              00 00 00 
              00 00 00 
              00 00 00 
              00 00 00 
              00 00 00 
              00 00 00 
              00 00 00 
              00 00 00 
              00 00 00 
              00 00 00 
              00 00 00 
              00 00 00 
              00 00 00 
              00 00 00 
              00 00 00 
              00 00 00 
              00 00 00 
              00 00 00 
              00 00 00 
              00 00 00 
              00 00 00 
              00 00 00 
              00 00 00 
              00 00 00 
              00 00 00 
              00 00 00 
              00 00 00 
              00 00 00 
              00 00 00 
              00 00 00 
              00 00 00 
              00 00 00 
              00 00 00 
              00 00 00 
              00 00 00 
              00 00 00 
              00 00 00 
              00 00 00 
              00 00 00 
              00 00 00 
              00 00 00 
              00 00 00 
              00 00 00 
              00 00 00 
              00 00 00 
              00 00 00 
              00 00 00 
              00 00 00 
              00 00 00 
              00 00 00 



ARM Macro Assembler    Page 16 


              00 00 00 
              00 00 00 
              00 00 00 
              00 00 00 
              00 00 00 
              00 00 00 
              00 00 00 
              00 00 00 
              00 00 00 
              00 00 00 
              00 00 00 
              00 00 00 
              00 00 00 
              00 00 00 
              00 00 00 
              00 00 00 
              00 00 00 
              00 00 00 
              00 00 00 
              00 00 00 
              00 00 00 
              00 00 00 
              00 00 00 
              00 00 00 
              00 00 00 
              00 00 00 
              00 00 00 
              00 00 00 
              00 00 00 
              00 00 00 
              00 00 00 
              00 00 00 
              00 00 00 
              00 00 00 
              00 00 00 
              00 00 00 
              00 00 00 
              00 00 00 
              00 00 00 
              00 00 00 
              00 00 00 
              00 00 00 
              00 00 00 
              00 00 00 
              00 00 00 
              00 00 00 
              00 00 00 
              00 00 00 
              00 00 00 
              00 00 00 
              00 00 00 
              00 00 00 
              00 00 00 
              00 00 00 
              00 00 00 
              00 00 00 
              00 00 00 
              00 00 00 
              00 00 00 



ARM Macro Assembler    Page 17 


              00 00 00 
              00 00 00 
              00 00 00 
              00 00 00 
              00 00 00 
              00 00 00 
              00 00 00 
              00 00 00 
              00 00 00 
              00 00 00 
              00 00 00 
              00 00 00 
              00 00 00 
              00 00 00 
              00 00 00 
              00 00 00 
              00 00 00 
              00 00 00 
              00 00 00 
              00 00 00 
              00 00 00 
              00 00 00 
              00 00 00 
              00 00 00 
              00 00 00 
              00 00 00 
              00 00 00 
              00 00 00 
              00 00 00 
              00 00 00 
              00 00 00 
              00 00 00 
              00 00 00 
              00 00 00 
              00 00 00 
              00 00 00 
              00 00 00 
              00 00 00 
              00 00 00 
              00 00 00 
              00 00 00 
              00 00 00 
              00 00 00 
              00 00 00 
              00 00 00 
              00 00 00 
              00 00 00 
              00 00 00 
              00 00 00 
              00 00 00 
              00 00 00 
              00 00 00 
              00 00 00 
              00 00 00 
              00 00 00 
              00 00 00 
              00 00 00 
              00 00 00 
              00 00 00 



ARM Macro Assembler    Page 18 


              00 00 00 
              00 00 00 
              00 00 00 
              00 00 00 
              00 00 00 
              00 00 00 
              00 00 00 
              00 00 00 
              00 00 00 
              00 00 00 
              00 00 00 
              00 00 00 
              00 00 00 
              00 00 00 
              00 00 00 
              00 00 00 
              00 00 00 
              00 00 00 
              00 00 00 
              00 00 00 
              00 00 00 
              00 00 00 
              00 00 00 
              00 00 00 
              00 00 00 
              00 00 00 
              00 00 00 
              00 00 00 
              00 00 00 
              00 00 00 
              00 00 00 
              00 00 00 
              00 00 00 
              00 00 00 
              00 00 00 
              00 00 00 
              00 00 00 
              00 00 00 
              00 00 00 
              00 00 00 
              00 00 00 
              00 00 00 
              00 00 00 
              00 00 00 
              00 00 00 
              00 00 00 
              00 00 00 
              00 00 00 
              00 00 00 
              00 00 00 
              00 00 00 
              00 00 00 
              00 00 00 
              00 00 00 
              00 00 00 
              00 00 00 
              00 00 00 
              00 00 00 
              00 00 00 



ARM Macro Assembler    Page 19 


              00 00 00 
              00 00 00 
              00 00 00 
              00 00 00 
              00 00 00 
              00 00 00 
              00 00 00 
              00 00 00 
              00 00 00 
              00 00 00 
              00 00 00 
              00 00 00 
              00 00 00 
              00 00 00 
              00 00 00 
              00 00 00 
              00 00 00 
              00 00 00 
              00 00 00 
              00 00 00 
              00 00 00 
              00 00 00 
              00 00 00 
              00 00 00 
              00 00 00 
              00 00 00 
              00 00 00 
              00 00 00 
              00 00 00 
              00 00 00 
              00 00 00 
              00 00 00 
              00 00 00 
              00 00 00 
              00 00 00 
              00 00 00 
              00 00 00 
              00 00 00 
              00 00 00 
              00 00 00 
              00 00 00 
              00 00 00 
              00 00 00 
              00 00 00 
              00 00 00 
              00 00 00 
              00 00 00 
              00 00 00 
              00 00 00 
              00 00 00 
              00 00 00 
              00 00 00 
              00 00 00 
              00 00 00 
              00 00 00 
              00 00 00 
              00 00 00 
              00 00 00 
              00 00 00 



ARM Macro Assembler    Page 20 


              00 00 00 
              00 00 00 
              00 00 00 
              00 00 00 
              00 00 00 
              00 00 00 
              00 00 00 
              00 00 00 
              00 00 00 
              00 00 00 
              00 00 00 
              00 00 00 
              00 00 00 
              00 00 00 
              00 00 00 
              00 00 00 
              00 00 00 
              00 00 00 
              00 00 00 
              00 00 00 
              00 00 00 
              00 00 00 
              00 00 00 
              00 00 00 
              00 00 00 
              00 00 00 
              00 00 00 
              00 00 00 
              00 00 00 
              00 00 00 
              00 00 00 
              00 00 00 
              00 00 00 
              00 00 00 
              00 00 00 
              00 00 00 
              00 00 00 
              00 00 00 
              00 00 00 
              00 00 00 
              00 00 00 
              00 00 00 
              00 00 00 
              00 00 00 
              00 00 00 
              00 00 00 
              00 00 00 
              00 00 00 
              00 00 00 
              00 00 00 
              00 00 00 
              00 00 00 
              00 00 00 
              00 00 00 
              00 00 00 
              00 00 00 
              00 00 00 
              00 00 00 
              00 00 00 



ARM Macro Assembler    Page 21 


              00 00 00 
              00 00 00 
              00 00 00 
              00 00 00 
              00 00 00 
              00 00 00 
              00 00 00 
              00 00 00 
              00 00 00 
              00 00 00 
              00 00 00 
              00 00 00 
              00 00 00 
              00 00 00 
              00 00 00 
              00 00 00 
              00 00 00 
              00 00 00 
              00 00 00 
              00 00 00 
              00 00 00 
              00 00 00 
              00 00 00 
              00 00 00 
              00 00 00 
              00 00 00 
              00 00 00 
              00 00 00 
              00 00 00 
              00 00 00 
              00 00 00 
              00 00 00 
              00 00 00 
              00 00 00 
              00 00 00 
              00 00 00 
              00 00 00 
              00 00 00 
              00 00 00 
              00 00 00 
              00 00 00 
              00 00 00 
              00 00 00 
              00 00 00 
              00 00 00 
              00 00 00 
              00 00 00 
              00 00 00 
              00 00 00 
              00 00 00 
              00 00 00 
              00 00 00 
              00 00 00 
              00 00 00 
              00 00 00 
              00 00 00 
              00 00 00 
              00 00 00 
              00 00 00 



ARM Macro Assembler    Page 22 


              00 00 00 
              00 00 00 
              00 00 00 
              00 00 00 
              00 00 00 
              00 00 00 
              00 00 00 
              00 00 00 
              00 00 00 
              00 00 00 
              00 00 00 
              00 00 00 
              00 00 00 
              00 00 00 
              00 00 00 
              00 00 00 
              00 00 00 
              00 00 00 
              00 00 00 
              00 00 00 
              00 00 00 
              00 00 00 
              00 00 00 
              00 00 00 
              00 00 00 
              00 00 00 
              00 00 00 
              00 00 00 
              00 00 00 
              00 00 00 
              00 00 00 
              00 00 00 
              00 00 00 
              00 00 00 
              00 00 00 
              00 00 00 
              00 00 00 
              00 00 00 
              00 00 00 
              00 00 00 
              00 00 00 
              00 00 00 
              00 00 00 
              00 00 00 
              00 00 00 
              00 00 00 
              00 00 00 
              00 00 00 
              00 00 00 
              00 00 00 
              00 00 00 
              00 00 00 
              00 00 00 
              00 00 00 
              00 00 00 
              00 00 00 
              00 00 00 
              00 00 00 
              00 00 00 



ARM Macro Assembler    Page 23 


              00 00 00 
              00 00 00 
              00 00 00 
              00 00 00 
              00 00 00 
              00 00 00 
              00 00 00 
              00 00 00 
              00 00 00 
              00 00 00 
              00 00 00 
              00 00 00 
              00 00 00 
              00 00 00 
              00 00 00 
              00 00 00 
              00 00 00 
              00 00 00 
              00 00 00 
              00 00 00 
              00 00 00 
              00 00 00 
              00 00 00 
              00 00 00 
              00 00 00 
              00 00 00 
              00 00 00 
              00 00 00 
              00 00 00 
              00 00 00 
              00 00 00 
              00 00 00 
              00 00 00 
              00 00 00 
              00 00 00 
              00 00 00 
              00 00 00 
              00 00 00 
              00 00 00 
              00 00 00 
              00 00 00 
              00 00 00 
              00 00 00 
              00 00 00 
              00 00 00 
              00 00 00 
              00 00 00 
              00 00 00 
              00 00 00 
              00 00 00 
              00 00 00 
              00 00 00 
              00 00 00 
              00 00 00 
              00 00 00 
              00 00 00 
              00 00 00 
              00 00 00 
              00 00 00 



ARM Macro Assembler    Page 24 


              00 00 00 
              00 00 00 
              00 00 00 
              00 00 00 
              00 00 00 
              00 00 00 
              00 00 00 
              00 00 00 
              00 00 00 
              00 00 00 
              00 00 00 
              00 00 00 
              00 00 00 
              00 00 00 
              00 00 00 
              00 00 00 
              00 00 00 
              00 00 00 
              00 00 00 
              00 00 00 
              00 00 00 
              00 00 00 
              00 00 00 
              00 00 00 
              00 00 00 
              00 00 00 
              00 00 00 
              00 00 00 
              00 00 00 
              00 00 00 
              00 00 00 
              00 00 00 
              00 00 00 
              00 00 00 
              00 00 00 
              00 00 00 
              00 00 00 
              00 00 00 
              00 00 00 
              00 00 00 
              00 00 00 
              00 00 00 
              00 00 00 
              00 00 00 
              00 00 00 
              00 00 00 
              00 00 00 
              00 00 00 
              00 00 00 
              00 00 00 
              00 00 00 
              00 00 00 
              00 00 00 
              00 00 00 
              00 00 00 
              00 00 00 
              00 00 00 
              00 00 00 
              00 00 00 



ARM Macro Assembler    Page 25 


              00 00 00 
              00 00 00 
              00 00 00 
              00 00 00 
              00 00 00 
              00 00 00 
              00 00 00 
              00 00 00 
              00 00 00 
              00 00 00 
              00 00 00 
              00 00 00 
              00 00 00 
              00 00 00 
              00 00 00 
              00 00 00 
              00 00 00 
              00 00 00 
              00 00 00 
              00 00 00 
              00 00 00 
              00 00 00 
              00 00 00 
              00 00 00 
              00 00 00 
              00 00 00 
              00 00 00 
              00 00 00 
              00 00 00 
              00 00 00 
              00 00 00 
              00 00 00 
              00 00 00 
              00 00 00 
              00 00 00 
              00 00 00 
              00 00 00 
              00 00 00 
              00 00 00 
              00 00 00 
              00 00 00 
              00 00 00 
              00 00 00 
              00 00 00 
              00 00 00 
              00 00 00 
              00 00 00 
              00 00 00 
              00               INCBIN           chars.bin
   66 00001058                 END
Command Line: --debug --xref --diag_suppress=9931 --cpu=Cortex-M3 --apcs=interw
ork --depend=.\objects\vgacorefast.d -o.\objects\vgacorefast.o -I.\RTE\Device\S
TM32F103CB -I.\RTE\_Target_1 -IH:\Schron\Keil_v5\ARM\PACK\ARM\CMSIS\5.4.0\CMSIS
\Core\Include -IH:\Schron\Keil_v5\ARM\PACK\Keil\STM32F1xx_DFP\2.3.0\Device\Incl
ude -IH:\Schron\Keil_v5\ARM\PACK\Keil\STM32F1xx_DFP\2.3.0\Device\StdPeriph_Driv
er\inc -IH:\Schron\Keil_v5\ARM\PACK\Keil\STM32F1xx_DFP\2.3.0\RTE_Driver --prede
fine="__EVAL SETA 1" --predefine="__UVISION_VERSION SETA 524" --predefine="_RTE
_ SETA 1" --predefine="STM32F10X_MD SETA 1" --list=.\listings\vgacorefast.lst V
GACoreFast.s



ARM Macro Assembler    Page 1 Alphabetic symbol ordering
Relocatable symbols

Chars 00000058

Symbol: Chars
   Definitions
      At line 64 in file VGACoreFast.s
   Uses
      At line 16 in file VGACoreFast.s
Comment: Chars used once
RepeatChar 00000012

Symbol: RepeatChar
   Definitions
      At line 28 in file VGACoreFast.s
   Uses
      At line 56 in file VGACoreFast.s
Comment: RepeatChar used once
RepeatPixel 00000032

Symbol: RepeatPixel
   Definitions
      At line 45 in file VGACoreFast.s
   Uses
      At line 53 in file VGACoreFast.s
Comment: RepeatPixel used once
VGA 00000000

Symbol: VGA
   Definitions
      At line 2 in file VGACoreFast.s
   Uses
      At line 3 in file VGACoreFast.s
Comment: VGA used once
test 00000000

Symbol: test
   Definitions
      At line 1 in file VGACoreFast.s
   Uses
      None
Comment: test unused
5 symbols



ARM Macro Assembler    Page 1 Alphabetic symbol ordering
Absolute symbols

col 00000400

Symbol: col
   Definitions
      At line 9 in file VGACoreFast.s
   Uses
      At line 32 in file VGACoreFast.s
Comment: col used once
1 symbol



ARM Macro Assembler    Page 1 Alphabetic symbol ordering
External symbols

draw_scan 00000000

Symbol: draw_scan
   Definitions
      At line 6 in file VGACoreFast.s
   Uses
      None
Comment: draw_scan unused
palette 00000000

Symbol: palette
   Definitions
      At line 7 in file VGACoreFast.s
   Uses
      At line 17 in file VGACoreFast.s
Comment: palette used once
scan_data 00000000

Symbol: scan_data
   Definitions
      At line 5 in file VGACoreFast.s
   Uses
      None
Comment: scan_data unused
3 symbols
352 symbols in table
